[2026-03-16 12:10:26] WARNING - Aucun bloc de chapitres trouvé pour https://www.japscan.vip/manhwa/hero-killer/
[2026-03-16 12:10:27] WARNING - Aucun bloc de chapitres trouvé pour https://www.japscan.vip/manga/berserk/
[2026-03-16 12:10:28] WARNING - Aucun bloc de chapitres trouvé pour https://www.japscan.vip/manhwa/player-who-returned-10-000-years-later/
[2026-03-16 12:10:29] WARNING - Aucun bloc de chapitres trouvé pour https://www.japscan.vip/manga/kage-no-jitsuryokusha-ni-naritakute/
[2026-03-16 12:10:30] WARNING - Aucun bloc de chapitres trouvé pour https://www.japscan.vip/manga/kingdom/
[2026-03-16 12:12:29] WARNING - Aucun bloc de chapitres trouvé pour https://www.japscan.vip/manhwa/hero-killer/
[2026-03-16 12:12:30] WARNING - Aucun bloc de chapitres trouvé pour https://www.japscan.vip/manga/berserk/
[2026-03-16 12:12:31] WARNING - Aucun bloc de chapitres trouvé pour https://www.japscan.vip/manhwa/player-who-returned-10-000-years-later/
[2026-03-16 12:12:32] WARNING - Aucun bloc de chapitres trouvé pour https://www.japscan.vip/manga/kage-no-jitsuryokusha-ni-naritakute/
[2026-03-16 12:12:33] WARNING - Aucun bloc de chapitres trouvé pour https://www.japscan.vip/manga/kingdom/
[2026-03-16 12:13:32] WARNING - Aucun bloc de chapitres trouvé pour https://www.japscan.vip/manhwa/hero-killer/
[2026-03-16 12:13:32] ERROR - Impossible d'analyser hero-killer (https://www.japscan.vip/manhwa/hero-killer/)
[2026-03-16 12:13:33] WARNING - Aucun bloc de chapitres trouvé pour https://www.japscan.vip/manga/berserk/
[2026-03-16 12:13:33] ERROR - Impossible d'analyser berserk (https://www.japscan.vip/manga/berserk/)
[2026-03-16 12:13:34] WARNING - Aucun bloc de chapitres trouvé pour https://www.japscan.vip/manhwa/player-who-returned-10-000-years-later/
[2026-03-16 12:13:34] ERROR - Impossible d'analyser player-who-returned-10-000-years-later (https://www.japscan.vip/manhwa/player-who-returned-10-000-years-later/)
[2026-03-16 12:13:35] WARNING - Aucun bloc de chapitres trouvé pour https://www.japscan.vip/manga/kage-no-jitsuryokusha-ni-naritakute/
[2026-03-16 12:13:35] ERROR - Impossible d'analyser kage-no-jitsuryokusha-ni-naritakute (https://www.japscan.vip/manga/kage-no-jitsuryokusha-ni-naritakute/)
[2026-03-16 12:13:36] WARNING - Aucun bloc de chapitres trouvé pour https://www.japscan.vip/manga/kingdom/
[2026-03-16 12:13:36] ERROR - Impossible d'analyser kingdom (https://www.japscan.vip/manga/kingdom/)
[2026-03-16 12:14:50] WARNING - Aucun bloc de chapitres trouvé pour https://www.japscan.vip/manhwa/hero-killer/ (HTML sauvegardé dans /home/lustucru/Documents/vscode/japscanupdatehcapter/src/logs/html_debug/www.japscan.vip_manhwa_hero-killer.html)
[2026-03-16 12:14:50] ERROR - Impossible d'analyser hero-killer (https://www.japscan.vip/manhwa/hero-killer/)
[2026-03-16 12:14:51] WARNING - Aucun bloc de chapitres trouvé pour https://www.japscan.vip/manga/berserk/ (HTML sauvegardé dans /home/lustucru/Documents/vscode/japscanupdatehcapter/src/logs/html_debug/www.japscan.vip_manga_berserk.html)
[2026-03-16 12:14:51] ERROR - Impossible d'analyser berserk (https://www.japscan.vip/manga/berserk/)
[2026-03-16 12:14:52] WARNING - Aucun bloc de chapitres trouvé pour https://www.japscan.vip/manhwa/player-who-returned-10-000-years-later/ (HTML sauvegardé dans /home/lustucru/Documents/vscode/japscanupdatehcapter/src/logs/html_debug/www.japscan.vip_manhwa_player-who-returned-10-000-years-later.html)
[2026-03-16 12:14:52] ERROR - Impossible d'analyser player-who-returned-10-000-years-later (https://www.japscan.vip/manhwa/player-who-returned-10-000-years-later/)
[2026-03-16 12:14:53] WARNING - Aucun bloc de chapitres trouvé pour https://www.japscan.vip/manga/kage-no-jitsuryokusha-ni-naritakute/ (HTML sauvegardé dans /home/lustucru/Documents/vscode/japscanupdatehcapter/src/logs/html_debug/www.japscan.vip_manga_kage-no-jitsuryokusha-ni-naritakute.html)
[2026-03-16 12:14:53] ERROR - Impossible d'analyser kage-no-jitsuryokusha-ni-naritakute (https://www.japscan.vip/manga/kage-no-jitsuryokusha-ni-naritakute/)
[2026-03-16 12:14:54] WARNING - Aucun bloc de chapitres trouvé pour https://www.japscan.vip/manga/kingdom/ (HTML sauvegardé dans /home/lustucru/Documents/vscode/japscanupdatehcapter/src/logs/html_debug/www.japscan.vip_manga_kingdom.html)
[2026-03-16 12:14:54] ERROR - Impossible d'analyser kingdom (https://www.japscan.vip/manga/kingdom/)
[2026-03-16 12:16:03] INFO - 249 nouveau(x) chapitre(s) trouvé(s) pour hero-killer (https://www.japscan.foo/manhwa/hero-killer/)
[2026-03-16 12:16:14] INFO - 103 nouveau(x) chapitre(s) trouvé(s) pour berserk (https://www.japscan.foo/manga/berserk/)
[2026-03-16 12:16:26] INFO - 136 nouveau(x) chapitre(s) trouvé(s) pour player-who-returned-10-000-years-later (https://www.japscan.foo/manhwa/player-who-returned-10-000-years-later/)
[2026-03-16 12:16:37] INFO - 82 nouveau(x) chapitre(s) trouvé(s) pour kage-no-jitsuryokusha-ni-naritakute (https://www.japscan.foo/manga/kage-no-jitsuryokusha-ni-naritakute/)
[2026-03-16 12:16:48] INFO - 869 nouveau(x) chapitre(s) trouvé(s) pour kingdom (https://www.japscan.foo/manga/kingdom/)
[2026-03-16 12:16:48] INFO - Suivi sauvegardé avec succès dans /home/lustucru/Documents/vscode/japscanupdatehcapter/src/data/suivi_chapitres.json
[2026-03-16 12:17:17] INFO - Aucun nouveau chapitre trouvé pour https://www.japscan.foo/manhwa/hero-killer/
[2026-03-16 12:17:28] INFO - Aucun nouveau chapitre trouvé pour https://www.japscan.foo/manga/berserk/
[2026-03-16 12:17:39] INFO - Aucun nouveau chapitre trouvé pour https://www.japscan.foo/manhwa/player-who-returned-10-000-years-later/
[2026-03-16 12:17:50] INFO - Aucun nouveau chapitre trouvé pour https://www.japscan.foo/manga/kage-no-jitsuryokusha-ni-naritakute/
[2026-03-16 12:18:02] INFO - Aucun nouveau chapitre trouvé pour https://www.japscan.foo/manga/kingdom/
[2026-03-16 12:18:45] INFO - Notification Discord envoyée pour Hero Killer
[2026-03-16 12:18:45] INFO - 249 nouveau(x) chapitre(s) trouvé(s) pour Hero Killer (https://www.japscan.foo/manhwa/hero-killer/)
[2026-03-16 12:18:56] INFO - Notification Discord envoyée pour Berserk
[2026-03-16 12:18:56] INFO - 103 nouveau(x) chapitre(s) trouvé(s) pour Berserk (https://www.japscan.foo/manga/berserk/)
[2026-03-16 12:19:08] INFO - Notification Discord envoyée pour Player Who Returned 10 000 Years Later
[2026-03-16 12:19:08] INFO - 136 nouveau(x) chapitre(s) trouvé(s) pour Player Who Returned 10 000 Years Later (https://www.japscan.foo/manhwa/player-who-returned-10-000-years-later/)
[2026-03-16 12:19:19] INFO - Notification Discord envoyée pour Kage No Jitsuryokusha Ni Naritakute
[2026-03-16 12:19:19] INFO - 82 nouveau(x) chapitre(s) trouvé(s) pour Kage No Jitsuryokusha Ni Naritakute (https://www.japscan.foo/manga/kage-no-jitsuryokusha-ni-naritakute/)
[2026-03-16 12:19:31] ERROR - Echec de l'envoi Discord pour Kingdom (status=400)
[2026-03-16 12:19:31] INFO - 869 nouveau(x) chapitre(s) trouvé(s) pour Kingdom (https://www.japscan.foo/manga/kingdom/)
